16:07:03.325 [main] INFO  utils.Log - ++++++++++++++++++++++++++++++
16:07:03.334 [main] INFO  utils.Log - Started test case : login
16:07:03.343 [main] INFO  utils.Log - Start time :2023.09.12.16.03
16:07:03.343 [main] INFO  utils.Log - ++++++++++++++++++++++++++++++
16:07:03.347 [main] INFO  utils.Log - Called method<click> on 
16:07:03.998 [main] INFO  utils.Log - Called method <sendKeys> on element <input type="text" class="woocommerce-Input woocommerce-Input--text input-text" name="username" id="username" autocomplete="username" value="">
16:07:03.998 [main] INFO  utils.Log - Called method <waitForElementToBeVisible> on locator :
16:07:04.136 [main] INFO  utils.Log - Called method <sendKeys> on element <input class="woocommerce-Input woocommerce-Input--text input-text" type="password" name="password" id="password" autocomplete="current-password">
16:07:04.137 [main] INFO  utils.Log - Called method <waitForElementToBeVisible> on locator :
16:07:04.250 [main] INFO  utils.Log - Called method<click> on 
16:07:05.133 [main] INFO  utils.Log - Called method<click> on 
16:07:06.282 [main] INFO  utils.Log - ++++++++++++++++++++++++++++++
16:07:06.282 [main] INFO  utils.Log - Passed test case : login
16:07:06.282 [main] INFO  utils.Log - End time :2023.09.12.16.06
16:07:06.282 [main] INFO  utils.Log - ++++++++++++++++++++++++++++++
16:07:15.672 [main] INFO  utils.Log - ++++++++++++++++++++++++++++++
16:07:15.672 [main] INFO  utils.Log - Started test case : loginInvalid
16:07:15.672 [main] INFO  utils.Log - Start time :2023.09.12.16.15
16:07:15.672 [main] INFO  utils.Log - ++++++++++++++++++++++++++++++
16:07:15.673 [main] INFO  utils.Log - Called method<click> on 
16:07:16.579 [main] INFO  utils.Log - Called method <sendKeys> on element <input type="text" class="woocommerce-Input woocommerce-Input--text input-text" name="username" id="username" autocomplete="username" value="">
16:07:16.580 [main] INFO  utils.Log - Called method <waitForElementToBeVisible> on locator :
16:07:16.724 [main] INFO  utils.Log - Called method <sendKeys> on element <input class="woocommerce-Input woocommerce-Input--text input-text" type="password" name="password" id="password" autocomplete="current-password">
16:07:16.724 [main] INFO  utils.Log - Called method <waitForElementToBeVisible> on locator :
16:07:16.848 [main] INFO  utils.Log - Called method<click> on 
16:07:27.455 [main] ERROR utils.Log - ++++++++++++++++++++++++++++++
16:07:27.455 [main] ERROR utils.Log - Failed test case : loginInvalid
16:07:27.455 [main] ERROR utils.Log - Fail time :2023.09.12.16.27
16:07:27.456 [main] ERROR utils.Log - org.openqa.selenium.NoSuchElementException: no such element: Unable to locate element: {"method":"css selector","selector":"div[class='woocommerce-MyAccount-content']"}
  (Session info: chrome=113.0.5672.127)
For documentation on this error, please visit: https://www.selenium.dev/documentation/webdriver/troubleshooting/errors#no-such-element-exception
Build info: version: '4.11.0', revision: '040bc5406b'
System info: os.name: 'Windows 10', os.arch: 'amd64', os.version: '10.0', java.version: '16.0.2'
Driver info: org.openqa.selenium.chrome.ChromeDriver
Command: [952a02506b655d7efe744caebf4c37ef, findElement {using=css selector, value=div[class='woocommerce-MyAccount-content']}]
Capabilities {acceptInsecureCerts: false, browserName: chrome, browserVersion: 113.0.5672.127, chrome: {chromedriverVersion: 112.0.5615.49 (bd2a7bcb881c..., userDataDir: C:\Users\suicpet\AppData\Lo...}, goog:chromeOptions: {debuggerAddress: localhost:52335}, networkConnectionEnabled: false, pageLoadStrategy: normal, platformName: windows, proxy: Proxy(), se:cdp: ws://localhost:52335/devtoo..., se:cdpVersion: 113.0.5672.127, setWindowRect: true, strictFileInteractability: false, timeouts: {implicit: 0, pageLoad: 300000, script: 30000}, unhandledPromptBehavior: dismiss and notify, webauthn:extension:credBlob: true, webauthn:extension:largeBlob: true, webauthn:extension:minPinLength: true, webauthn:extension:prf: true, webauthn:virtualAuthenticators: true}
Session ID: 952a02506b655d7efe744caebf4c37ef
16:07:27.456 [main] ERROR utils.Log - ++++++++++++++++++++++++++++++
