16:05:00.093 [main] INFO  utils.Log - Chrome --> Thread id : 1
16:05:06.305 [main] INFO  utils.Log - ++++++++++++++++++++++++++++++
16:05:06.306 [main] INFO  utils.Log - Started test case : login
16:05:06.317 [main] INFO  utils.Log - Start time :2023.09.19.16.06
16:05:06.317 [main] INFO  utils.Log - ++++++++++++++++++++++++++++++
16:05:06.318 [main] INFO  utils.Log - Called method<click> on 
16:05:07.643 [main] INFO  utils.Log - Called method <sendKeys> on element <input type="text" class="woocommerce-Input woocommerce-Input--text input-text" name="username" id="username" autocomplete="username" value="">
16:05:07.643 [main] INFO  utils.Log - Called method <waitForElementToBeVisible> on locator :
16:05:07.745 [main] INFO  utils.Log - Called method <sendKeys> on element <input class="woocommerce-Input woocommerce-Input--text input-text" type="password" name="password" id="password" autocomplete="current-password">
16:05:07.746 [main] INFO  utils.Log - Called method <waitForElementToBeVisible> on locator :
16:05:07.832 [main] INFO  utils.Log - Called method<click> on 
16:05:09.293 [main] ERROR utils.Log - Picture could not be saved!
16:05:09.293 [main] ERROR utils.Log - screenshots\screen 2023.09.19.16.05.09.png (The system cannot find the path specified)
16:05:09.293 [main] INFO  utils.Log - Called method<click> on 
16:05:10.760 [main] INFO  utils.Log - ++++++++++++++++++++++++++++++
16:05:10.760 [main] INFO  utils.Log - Passed test case : login
16:05:10.760 [main] INFO  utils.Log - End time :2023.09.19.16.10
16:05:10.760 [main] INFO  utils.Log - ++++++++++++++++++++++++++++++
16:05:10.765 [main] INFO  utils.Log - ++++++++++++++++++++++++++++++
16:05:10.765 [main] INFO  utils.Log - Started test case : loginInvalid
16:05:10.765 [main] INFO  utils.Log - Start time :2023.09.19.16.10
16:05:10.765 [main] INFO  utils.Log - ++++++++++++++++++++++++++++++
16:05:10.766 [main] INFO  utils.Log - Called method<click> on 
16:05:11.639 [main] INFO  utils.Log - Called method <sendKeys> on element <input type="text" class="woocommerce-Input woocommerce-Input--text input-text" name="username" id="username" autocomplete="username" value="">
16:05:11.640 [main] INFO  utils.Log - Called method <waitForElementToBeVisible> on locator :
16:05:11.734 [main] INFO  utils.Log - Called method <sendKeys> on element <input class="woocommerce-Input woocommerce-Input--text input-text" type="password" name="password" id="password" autocomplete="current-password">
16:05:11.734 [main] INFO  utils.Log - Called method <waitForElementToBeVisible> on locator :
16:05:11.813 [main] INFO  utils.Log - Called method<click> on 
16:05:12.766 [main] INFO  utils.Log - ++++++++++++++++++++++++++++++
16:05:12.766 [main] INFO  utils.Log - Passed test case : loginInvalid
16:05:12.766 [main] INFO  utils.Log - End time :2023.09.19.16.12
16:05:12.766 [main] INFO  utils.Log - ++++++++++++++++++++++++++++++
